# JRE version: Java(TM) SE Runtime Environment (8.0_131-b11) (build 1.8.0_131-b11)
# Java VM: Java HotSpot(TM) 64-Bit Server VM (25.131-b11 mixed mode windows-amd64 compressed oops)
Heap:
 PSYoungGen      total 677888K, used 76835K [0x00000000d5c00000, 0x0000000100000000, 0x0000000100000000)
  eden space 669696K, 10% used [0x00000000d5c00000,0x00000000d9f0b078,0x00000000fea00000)
  from space 8192K, 99% used [0x00000000ff800000,0x00000000ffffdb98,0x0000000100000000)
  to   space 11264K, 0% used [0x00000000fea00000,0x00000000fea00000,0x00000000ff500000)
 ParOldGen       total 75264K, used 21509K [0x0000000081400000, 0x0000000085d80000, 0x00000000d5c00000)
  object space 75264K, 28% used [0x0000000081400000,0x0000000082901600,0x0000000085d80000)
 Metaspace       used 32089K, capacity 33154K, committed 33408K, reserved 1079296K
  class space    used 2703K, capacity 2903K, committed 2944K, reserved 1048576K
GC Heap History (10 events):
Event: 5.577 GC heap before
{Heap before GC invocations=23 (full 1):
 PSYoungGen      total 653312K, used 642425K [0x00000000d5c00000, 0x0000000100000000, 0x0000000100000000)
  eden space 642048K, 100% used [0x00000000d5c00000,0x00000000fcf00000,0x00000000fcf00000)
  from space 11264K, 3% used [0x00000000fcf00000,0x00000000fcf5e540,0x00000000fda00000)
  to   space 10240K, 0% used [0x00000000ff600000,0x00000000ff600000,0x0000000100000000)
 ParOldGen       total 75264K, used 18176K [0x0000000081400000, 0x0000000085d80000, 0x00000000d5c00000)
  object space 75264K, 24% used [0x0000000081400000,0x00000000825c01d0,0x0000000085d80000)
 Metaspace       used 21332K, capacity 22228K, committed 22400K, reserved 1069056K
  class space    used 2681K, capacity 2881K, committed 2944K, reserved 1048576K
Event: 5.584 GC heap after
Heap after GC invocations=23 (full 1):
 PSYoungGen      total 678912K, used 281K [0x00000000d5c00000, 0x00000000ffe00000, 0x0000000100000000)
  eden space 670720K, 0% used [0x00000000d5c00000,0x00000000d5c00000,0x00000000feb00000)
  from space 8192K, 3% used [0x00000000ff600000,0x00000000ff646548,0x00000000ffe00000)
  to   space 9728K, 0% used [0x00000000feb00000,0x00000000feb00000,0x00000000ff480000)
 ParOldGen       total 75264K, used 18184K [0x0000000081400000, 0x0000000085d80000, 0x00000000d5c00000)
  object space 75264K, 24% used [0x0000000081400000,0x00000000825c21d0,0x0000000085d80000)
 Metaspace       used 21332K, capacity 22228K, committed 22400K, reserved 1069056K
  class space    used 2681K, capacity 2881K, committed 2944K, reserved 1048576K
}
Event: 5.795 GC heap before
{Heap before GC invocations=24 (full 1):
 PSYoungGen      total 678912K, used 671001K [0x00000000d5c00000, 0x00000000ffe00000, 0x0000000100000000)
  eden space 670720K, 100% used [0x00000000d5c00000,0x00000000feb00000,0x00000000feb00000)
  from space 8192K, 3% used [0x00000000ff600000,0x00000000ff646548,0x00000000ffe00000)
  to   space 9728K, 0% used [0x00000000feb00000,0x00000000feb00000,0x00000000ff480000)
 ParOldGen       total 75264K, used 18184K [0x0000000081400000, 0x0000000085d80000, 0x00000000d5c00000)
  object space 75264K, 24% used [0x0000000081400000,0x00000000825c21d0,0x0000000085d80000)
 Metaspace       used 21348K, capacity 22236K, committed 22400K, reserved 1069056K
  class space    used 2681K, capacity 2881K, committed 2944K, reserved 1048576K
Event: 5.796 GC heap after
Heap after GC invocations=24 (full 1):
 PSYoungGen      total 680448K, used 438K [0x00000000d5c00000, 0x0000000100000000, 0x0000000100000000)
  eden space 670720K, 0% used [0x00000000d5c00000,0x00000000d5c00000,0x00000000feb00000)
  from space 9728K, 4% used [0x00000000feb00000,0x00000000feb6db30,0x00000000ff480000)
  to   space 9216K, 0% used [0x00000000ff700000,0x00000000ff700000,0x0000000100000000)
 ParOldGen       total 75264K, used 18192K [0x0000000081400000, 0x0000000085d80000, 0x00000000d5c00000)
  object space 75264K, 24% used [0x0000000081400000,0x00000000825c41d0,0x0000000085d80000)
 Metaspace       used 21348K, capacity 22236K, committed 22400K, reserved 1069056K
  class space    used 2681K, capacity 2881K, committed 2944K, reserved 1048576K
}
Event: 5.973 GC heap before
{Heap before GC invocations=25 (full 1):
 PSYoungGen      total 680448K, used 671158K [0x00000000d5c00000, 0x0000000100000000, 0x0000000100000000)
  eden space 670720K, 100% used [0x00000000d5c00000,0x00000000feb00000,0x00000000feb00000)
  from space 9728K, 4% used [0x00000000feb00000,0x00000000feb6db30,0x00000000ff480000)
  to   space 9216K, 0% used [0x00000000ff700000,0x00000000ff700000,0x0000000100000000)
 ParOldGen       total 75264K, used 18192K [0x0000000081400000, 0x0000000085d80000, 0x00000000d5c00000)
  object space 75264K, 24% used [0x0000000081400000,0x00000000825c41d0,0x0000000085d80000)
 Metaspace       used 21379K, capacity 22236K, committed 22400K, reserved 1069056K
  class space    used 2681K, capacity 2881K, committed 2944K, reserved 1048576K
Event: 5.974 GC heap after
Heap after GC invocations=25 (full 1):
 PSYoungGen      total 680960K, used 377K [0x00000000d5c00000, 0x00000000ffe80000, 0x0000000100000000)
  eden space 673280K, 0% used [0x00000000d5c00000,0x00000000d5c00000,0x00000000fed80000)
  from space 7680K, 4% used [0x00000000ff700000,0x00000000ff75e4f8,0x00000000ffe80000)
  to   space 8704K, 0% used [0x00000000fed80000,0x00000000fed80000,0x00000000ff600000)
 ParOldGen       total 75264K, used 18200K [0x0000000081400000, 0x0000000085d80000, 0x00000000d5c00000)
  object space 75264K, 24% used [0x0000000081400000,0x00000000825c61d0,0x0000000085d80000)
 Metaspace       used 21379K, capacity 22236K, committed 22400K, reserved 1069056K
  class space    used 2681K, capacity 2881K, committed 2944K, reserved 1048576K
}
Event: 6.166 GC heap before
{Heap before GC invocations=26 (full 1):
 PSYoungGen      total 680960K, used 673657K [0x00000000d5c00000, 0x00000000ffe80000, 0x0000000100000000)
  eden space 673280K, 100% used [0x00000000d5c00000,0x00000000fed80000,0x00000000fed80000)
  from space 7680K, 4% used [0x00000000ff700000,0x00000000ff75e4f8,0x00000000ffe80000)
  to   space 8704K, 0% used [0x00000000fed80000,0x00000000fed80000,0x00000000ff600000)
 ParOldGen       total 75264K, used 18200K [0x0000000081400000, 0x0000000085d80000, 0x00000000d5c00000)
  object space 75264K, 24% used [0x0000000081400000,0x00000000825c61d0,0x0000000085d80000)
 Metaspace       used 21423K, capacity 22364K, committed 22656K, reserved 1069056K
  class space    used 2681K, capacity 2881K, committed 2944K, reserved 1048576K
Event: 6.168 GC heap after
Heap after GC invocations=26 (full 1):
 PSYoungGen      total 681984K, used 280K [0x00000000d5c00000, 0x0000000100000000, 0x0000000100000000)
  eden space 673280K, 0% used [0x00000000d5c00000,0x00000000d5c00000,0x00000000fed80000)
  from space 8704K, 3% used [0x00000000fed80000,0x00000000fedc63e8,0x00000000ff600000)
  to   space 8192K, 0% used [0x00000000ff800000,0x00000000ff800000,0x0000000100000000)
 ParOldGen       total 75264K, used 18208K [0x0000000081400000, 0x0000000085d80000, 0x00000000d5c00000)
  object space 75264K, 24% used [0x0000000081400000,0x00000000825c81d0,0x0000000085d80000)
 Metaspace       used 21423K, capacity 22364K, committed 22656K, reserved 1069056K
  class space    used 2681K, capacity 2881K, committed 2944K, reserved 1048576K
}
Event: 7.598 GC heap before
{Heap before GC invocations=27 (full 1):
 PSYoungGen      total 681984K, used 673560K [0x00000000d5c00000, 0x0000000100000000, 0x0000000100000000)
  eden space 673280K, 100% used [0x00000000d5c00000,0x00000000fed80000,0x00000000fed80000)
  from space 8704K, 3% used [0x00000000fed80000,0x00000000fedc63e8,0x00000000ff600000)
  to   space 8192K, 0% used [0x00000000ff800000,0x00000000ff800000,0x0000000100000000)
 ParOldGen       total 75264K, used 18208K [0x0000000081400000, 0x0000000085d80000, 0x00000000d5c00000)
  object space 75264K, 24% used [0x0000000081400000,0x00000000825c81d0,0x0000000085d80000)
 Metaspace       used 29467K, capacity 30524K, committed 30848K, reserved 1077248K
  class space    used 2697K, capacity 2897K, committed 2944K, reserved 1048576K
Event: 7.606 GC heap after
Heap after GC invocations=27 (full 1):
 PSYoungGen      total 677888K, used 8182K [0x00000000d5c00000, 0x0000000100000000, 0x0000000100000000)
  eden space 669696K, 0% used [0x00000000d5c00000,0x00000000d5c00000,0x00000000fea00000)
  from space 8192K, 99% used [0x00000000ff800000,0x00000000ffffdb98,0x0000000100000000)
  to   space 11264K, 0% used [0x00000000fea00000,0x00000000fea00000,0x00000000ff500000)
 ParOldGen       total 75264K, used 21509K [0x0000000081400000, 0x0000000085d80000, 0x00000000d5c00000)
  object space 75264K, 28% used [0x0000000081400000,0x0000000082901600,0x0000000085d80000)
 Metaspace       used 29467K, capacity 30524K, committed 30848K, reserved 1077248K
  class space    used 2697K, capacity 2897K, committed 2944K, reserved 1048576K
}

